{"C:\\Users\\joaov\\Documents\\GitHub\\ShapeShifter\\BackEnd\\src\\Controllers\\UserController.ts": {"path":"C:\\Users\\joaov\\Documents\\GitHub\\ShapeShifter\\BackEnd\\src\\Controllers\\UserController.ts","statementMap":{"0":{"start":{"line":9,"column":4},"end":{"line":9,"column":35}},"1":{"start":{"line":12,"column":31},"end":{"line":19,"column":3}},"2":{"start":{"line":13,"column":4},"end":{"line":18,"column":5}},"3":{"start":{"line":14,"column":19},"end":{"line":14,"column":85}},"4":{"start":{"line":15,"column":6},"end":{"line":15,"column":38}},"5":{"start":{"line":17,"column":6},"end":{"line":17,"column":58}},"6":{"start":{"line":21,"column":26},"end":{"line":34,"column":3}},"7":{"start":{"line":22,"column":4},"end":{"line":33,"column":5}},"8":{"start":{"line":23,"column":37},"end":{"line":23,"column":49}},"9":{"start":{"line":25,"column":19},"end":{"line":25,"column":67}},"10":{"start":{"line":26,"column":6},"end":{"line":30,"column":7}},"11":{"start":{"line":27,"column":8},"end":{"line":27,"column":40}},"12":{"start":{"line":29,"column":8},"end":{"line":29,"column":68}},"13":{"start":{"line":32,"column":6},"end":{"line":32,"column":58}}},"fnMap":{"0":{"name":"(anonymous_0)","decl":{"start":{"line":8,"column":2},"end":{"line":8,"column":3}},"loc":{"start":{"line":8,"column":41},"end":{"line":10,"column":3}},"line":8},"1":{"name":"(anonymous_1)","decl":{"start":{"line":12,"column":31},"end":{"line":12,"column":32}},"loc":{"start":{"line":12,"column":60},"end":{"line":19,"column":3}},"line":12},"2":{"name":"(anonymous_2)","decl":{"start":{"line":21,"column":26},"end":{"line":21,"column":27}},"loc":{"start":{"line":21,"column":55},"end":{"line":34,"column":3}},"line":21}},"branchMap":{"0":{"loc":{"start":{"line":26,"column":6},"end":{"line":30,"column":7}},"type":"if","locations":[{"start":{"line":26,"column":6},"end":{"line":30,"column":7}},{"start":{"line":28,"column":13},"end":{"line":30,"column":7}}],"line":26}},"s":{"0":5,"1":5,"2":2,"3":2,"4":1,"5":1,"6":5,"7":3,"8":3,"9":3,"10":2,"11":1,"12":1,"13":1},"f":{"0":5,"1":2,"2":3},"b":{"0":[1,1]},"_coverageSchema":"1a1c01bbd47fc00a2c39e90264f33305004495a9","hash":"ca81f2232d28ebba9449a22ad5f512db53e18b3b"}
,"C:\\Users\\joaov\\Documents\\GitHub\\ShapeShifter\\BackEnd\\src\\Services\\TrainingFilesService.ts": {"path":"C:\\Users\\joaov\\Documents\\GitHub\\ShapeShifter\\BackEnd\\src\\Services\\TrainingFilesService.ts","statementMap":{"0":{"start":{"line":7,"column":8},"end":{"line":7,"column":58}},"1":{"start":{"line":8,"column":8},"end":{"line":8,"column":28}}},"fnMap":{"0":{"name":"(anonymous_0)","decl":{"start":{"line":6,"column":4},"end":{"line":6,"column":5}},"loc":{"start":{"line":6,"column":84},"end":{"line":9,"column":5}},"line":6}},"branchMap":{},"s":{"0":3,"1":3},"f":{"0":3},"b":{},"_coverageSchema":"1a1c01bbd47fc00a2c39e90264f33305004495a9","hash":"1a10bc5c1f2efd8ae976e3bb0faee66d0a978aa6"}
,"C:\\Users\\joaov\\Documents\\GitHub\\ShapeShifter\\BackEnd\\src\\Services\\UserService.ts": {"path":"C:\\Users\\joaov\\Documents\\GitHub\\ShapeShifter\\BackEnd\\src\\Services\\UserService.ts","statementMap":{"0":{"start":{"line":8,"column":21},"end":{"line":8,"column":64}},"1":{"start":{"line":9,"column":8},"end":{"line":9,"column":20}},"2":{"start":{"line":13,"column":8},"end":{"line":13,"column":41}},"3":{"start":{"line":14,"column":8},"end":{"line":14,"column":20}}},"fnMap":{"0":{"name":"(anonymous_0)","decl":{"start":{"line":7,"column":4},"end":{"line":7,"column":5}},"loc":{"start":{"line":7,"column":52},"end":{"line":10,"column":5}},"line":7},"1":{"name":"(anonymous_1)","decl":{"start":{"line":12,"column":4},"end":{"line":12,"column":5}},"loc":{"start":{"line":12,"column":57},"end":{"line":15,"column":5}},"line":12}},"branchMap":{},"s":{"0":2,"1":2,"2":3,"3":3},"f":{"0":2,"1":3},"b":{},"_coverageSchema":"1a1c01bbd47fc00a2c39e90264f33305004495a9","hash":"b18d301faf00b3d29bbcca382536936afd5841da"}
,"C:\\Users\\joaov\\Documents\\GitHub\\ShapeShifter\\BackEnd\\src\\adapters\\repositories\\MongoDBConnection.ts": {"path":"C:\\Users\\joaov\\Documents\\GitHub\\ShapeShifter\\BackEnd\\src\\adapters\\repositories\\MongoDBConnection.ts","statementMap":{"0":{"start":{"line":3,"column":12},"end":{"line":3,"column":114}},"1":{"start":{"line":4,"column":15},"end":{"line":4,"column":29}}},"fnMap":{},"branchMap":{},"s":{"0":2,"1":2},"f":{},"b":{},"_coverageSchema":"1a1c01bbd47fc00a2c39e90264f33305004495a9","hash":"10f14e5dd5f868aa6bb28b3859f94271c7d43723"}
,"C:\\Users\\joaov\\Documents\\GitHub\\ShapeShifter\\BackEnd\\src\\adapters\\repositories\\MongoDBTrainingFilesRepository.ts": {"path":"C:\\Users\\joaov\\Documents\\GitHub\\ShapeShifter\\BackEnd\\src\\adapters\\repositories\\MongoDBTrainingFilesRepository.ts","statementMap":{"0":{"start":{"line":8,"column":17},"end":{"line":8,"column":31}},"1":{"start":{"line":10,"column":2},"end":{"line":28,"column":3}},"2":{"start":{"line":11,"column":4},"end":{"line":11,"column":27}},"3":{"start":{"line":12,"column":4},"end":{"line":12,"column":48}},"4":{"start":{"line":13,"column":15},"end":{"line":13,"column":32}},"5":{"start":{"line":15,"column":36},"end":{"line":15,"column":66}},"6":{"start":{"line":17,"column":4},"end":{"line":17,"column":63}},"7":{"start":{"line":20,"column":4},"end":{"line":20,"column":58}},"8":{"start":{"line":22,"column":4},"end":{"line":22,"column":70}},"9":{"start":{"line":24,"column":4},"end":{"line":24,"column":70}},"10":{"start":{"line":25,"column":4},"end":{"line":25,"column":14}},"11":{"start":{"line":27,"column":4},"end":{"line":27,"column":19}}},"fnMap":{"0":{"name":"createTrainingFilesCollection","decl":{"start":{"line":7,"column":22},"end":{"line":7,"column":51}},"loc":{"start":{"line":7,"column":81},"end":{"line":29,"column":1}},"line":7}},"branchMap":{},"s":{"0":1,"1":1,"2":1,"3":1,"4":1,"5":1,"6":1,"7":1,"8":1,"9":0,"10":0,"11":1},"f":{"0":1},"b":{},"_coverageSchema":"1a1c01bbd47fc00a2c39e90264f33305004495a9","hash":"4cb8c15b9551f18005eebcc6ed6a411774cf31c1"}
,"C:\\Users\\joaov\\Documents\\GitHub\\ShapeShifter\\BackEnd\\src\\adapters\\repositories\\MongoDBUserRepository.ts": {"path":"C:\\Users\\joaov\\Documents\\GitHub\\ShapeShifter\\BackEnd\\src\\adapters\\repositories\\MongoDBUserRepository.ts","statementMap":{"0":{"start":{"line":5,"column":17},"end":{"line":5,"column":31}},"1":{"start":{"line":7,"column":2},"end":{"line":27,"column":3}},"2":{"start":{"line":8,"column":4},"end":{"line":8,"column":27}},"3":{"start":{"line":9,"column":15},"end":{"line":9,"column":32}},"4":{"start":{"line":12,"column":28},"end":{"line":12,"column":50}},"5":{"start":{"line":15,"column":4},"end":{"line":15,"column":73}},"6":{"start":{"line":17,"column":4},"end":{"line":17,"column":55}},"7":{"start":{"line":20,"column":4},"end":{"line":20,"column":42}},"8":{"start":{"line":22,"column":4},"end":{"line":22,"column":62}},"9":{"start":{"line":24,"column":4},"end":{"line":24,"column":70}},"10":{"start":{"line":26,"column":4},"end":{"line":26,"column":19}},"11":{"start":{"line":31,"column":17},"end":{"line":31,"column":31}},"12":{"start":{"line":33,"column":2},"end":{"line":52,"column":3}},"13":{"start":{"line":34,"column":4},"end":{"line":34,"column":27}},"14":{"start":{"line":35,"column":15},"end":{"line":35,"column":32}},"15":{"start":{"line":37,"column":28},"end":{"line":37,"column":50}},"16":{"start":{"line":39,"column":17},"end":{"line":39,"column":90}},"17":{"start":{"line":41,"column":4},"end":{"line":46,"column":5}},"18":{"start":{"line":42,"column":6},"end":{"line":42,"column":41}},"19":{"start":{"line":43,"column":6},"end":{"line":43,"column":18}},"20":{"start":{"line":45,"column":6},"end":{"line":45,"column":18}},"21":{"start":{"line":48,"column":4},"end":{"line":48,"column":50}},"22":{"start":{"line":49,"column":4},"end":{"line":49,"column":14}},"23":{"start":{"line":51,"column":4},"end":{"line":51,"column":19}}},"fnMap":{"0":{"name":"createUserCollection","decl":{"start":{"line":4,"column":22},"end":{"line":4,"column":42}},"loc":{"start":{"line":4,"column":55},"end":{"line":28,"column":1}},"line":4},"1":{"name":"getUserCollection","decl":{"start":{"line":30,"column":22},"end":{"line":30,"column":39}},"loc":{"start":{"line":30,"column":76},"end":{"line":53,"column":1}},"line":30}},"branchMap":{"0":{"loc":{"start":{"line":41,"column":4},"end":{"line":46,"column":5}},"type":"if","locations":[{"start":{"line":41,"column":4},"end":{"line":46,"column":5}},{"start":{"line":44,"column":11},"end":{"line":46,"column":5}}],"line":41}},"s":{"0":1,"1":1,"2":1,"3":1,"4":1,"5":1,"6":1,"7":1,"8":0,"9":1,"10":1,"11":0,"12":0,"13":0,"14":0,"15":0,"16":0,"17":0,"18":0,"19":0,"20":0,"21":0,"22":0,"23":0},"f":{"0":1,"1":0},"b":{"0":[0,0]},"_coverageSchema":"1a1c01bbd47fc00a2c39e90264f33305004495a9","hash":"54197f96e6009e28c80f70051085e953eb7c9717"}
}
