TN:
SF:src\Controllers\UserController.ts
FN:8,(anonymous_0)
FN:12,(anonymous_1)
FN:21,(anonymous_2)
FNF:3
FNH:3
FNDA:5,(anonymous_0)
FNDA:2,(anonymous_1)
FNDA:3,(anonymous_2)
DA:9,5
DA:12,5
DA:13,2
DA:14,2
DA:15,1
DA:17,1
DA:21,5
DA:22,3
DA:23,3
DA:25,3
DA:26,2
DA:27,1
DA:29,1
DA:32,1
LF:14
LH:14
BRDA:26,0,0,1
BRDA:26,0,1,1
BRF:2
BRH:2
end_of_record
TN:
SF:src\Services\TrainingFilesService.ts
FN:6,(anonymous_0)
FNF:1
FNH:1
FNDA:3,(anonymous_0)
DA:7,3
DA:8,3
LF:2
LH:2
BRF:0
BRH:0
end_of_record
TN:
SF:src\Services\UserService.ts
FN:7,(anonymous_0)
FN:12,(anonymous_1)
FNF:2
FNH:2
FNDA:2,(anonymous_0)
FNDA:3,(anonymous_1)
DA:8,2
DA:9,2
DA:13,3
DA:14,3
LF:4
LH:4
BRF:0
BRH:0
end_of_record
TN:
SF:src\adapters\repositories\MongoDBConnection.ts
FNF:0
FNH:0
DA:3,2
DA:4,2
LF:2
LH:2
BRF:0
BRH:0
end_of_record
TN:
SF:src\adapters\repositories\MongoDBTrainingFilesRepository.ts
FN:7,createTrainingFilesCollection
FNF:1
FNH:1
FNDA:1,createTrainingFilesCollection
DA:8,1
DA:10,1
DA:11,1
DA:12,1
DA:13,1
DA:15,1
DA:17,1
DA:20,1
DA:22,1
DA:24,0
DA:25,0
DA:27,1
LF:12
LH:10
BRF:0
BRH:0
end_of_record
TN:
SF:src\adapters\repositories\MongoDBUserRepository.ts
FN:4,createUserCollection
FN:30,getUserCollection
FNF:2
FNH:1
FNDA:1,createUserCollection
FNDA:0,getUserCollection
DA:5,1
DA:7,1
DA:8,1
DA:9,1
DA:12,1
DA:15,1
DA:17,1
DA:20,1
DA:22,0
DA:24,1
DA:26,1
DA:31,0
DA:33,0
DA:34,0
DA:35,0
DA:37,0
DA:39,0
DA:41,0
DA:42,0
DA:43,0
DA:45,0
DA:48,0
DA:49,0
DA:51,0
LF:24
LH:10
BRDA:41,0,0,0
BRDA:41,0,1,0
BRF:2
BRH:0
end_of_record
